<?xml version="1.0" encoding="UTF-8"?>
<!-- Generated by org.testng.reporters.JUnitXMLReporter -->
<testsuite ignored="5" hostname="DESKTOP-35Q17RE" failures="0" tests="1" name="Default test" time="40.018" errors="0" timestamp="2021-12-28T22:19:47 IST">
  <testcase classname="automation.selenium.LandingPageTest" name="calendar" time="26.553"/>
  <testcase classname="automation.selenium.LandingPageTest" name="SelectAdults" time="0.0">
    <ignored/>
  </testcase> <!-- SelectAdults -->
  <testcase classname="automation.selenium.LandingPageTest" name="SelectToDropdown" time="0.0">
    <ignored/>
  </testcase> <!-- SelectToDropdown -->
  <testcase classname="automation.selenium.LandingPageTest" name="SearchFlights" time="0.0">
    <ignored/>
  </testcase> <!-- SearchFlights -->
  <testcase classname="automation.selenium.LandingPageTest" name="SelectFromDropdown" time="0.0">
    <ignored/>
  </testcase> <!-- SelectFromDropdown -->
  <testcase classname="automation.selenium.LandingPageTest" name="SelectChild" time="0.0">
    <ignored/>
  </testcase> <!-- SelectChild -->
</testsuite> <!-- Default test -->
