<?xml version="1.0" encoding="UTF-8"?>
<testng-results ignored="5" total="6" passed="1" failed="0" skipped="0">
  <reporter-output>
  </reporter-output>
  <suite started-at="2021-12-28T22:19:06 IST" name="Default suite" finished-at="2021-12-28T22:19:46 IST" duration-ms="40018">
    <groups>
    </groups>
    <test started-at="2021-12-28T22:19:06 IST" name="Default test" finished-at="2021-12-28T22:19:46 IST" duration-ms="40018">
      <class name="automation.selenium.LandingPageTest">
        <test-method is-config="true" signature="initialize()[pri:0, instance:automation.selenium.LandingPageTest@483f6d77]" started-at="2021-12-28T22:19:06 IST" name="initialize" finished-at="2021-12-28T22:19:20 IST" duration-ms="13343" status="PASS">
          <reporter-output>
          </reporter-output>
        </test-method> <!-- initialize -->
        <test-method signature="calendar()[pri:0, instance:automation.selenium.LandingPageTest@483f6d77]" started-at="2021-12-28T22:19:20 IST" name="calendar" finished-at="2021-12-28T22:19:46 IST" duration-ms="26553" status="PASS">
          <reporter-output>
          </reporter-output>
        </test-method> <!-- calendar -->
      </class> <!-- automation.selenium.LandingPageTest -->
    </test> <!-- Default test -->
  </suite> <!-- Default suite -->
</testng-results>
